Base path: /Applications/Unity/Unity.app/Contents
Pipe name: \\.\pipe\UnityShaderCompiler-1--1599036972
Cmd: getPlatforms
Cmd: preprocess
  insize=660 outsize=660 ok=1
Cmd: preprocess
  insize=703 outsize=1028 ok=1
Cmd: compileSnippet
  api=0 type=0 insize=4543 outsize=1239 kw=DIRECTIONAL LIGHTMAP_OFF DIRLIGHTMAP_OFF ok=1
Cmd: compileSnippet
  api=0 type=1 insize=4543 outsize=588 kw=DIRECTIONAL LIGHTMAP_OFF DIRLIGHTMAP_OFF ok=1
Cmd: compileSnippet
  api=0 type=0 insize=2400 outsize=1117 kw=POINT ok=1
Cmd: compileSnippet
  api=0 type=1 insize=2400 outsize=744 kw=POINT ok=1
Cmd: preprocess
  insize=963 outsize=963 ok=1
Cmd: preprocess
  insize=2236 outsize=1121 ok=1
Cmd: compileSnippet
  api=0 type=0 insize=6009 outsize=1436 kw=DIRECTIONAL SHADOWS_OFF LIGHTMAP_OFF DIRLIGHTMAP_OFF ok=1
Cmd: compileSnippet
  api=0 type=1 insize=6009 outsize=1100 kw=DIRECTIONAL SHADOWS_OFF LIGHTMAP_OFF DIRLIGHTMAP_OFF ok=1
Cmd: compileSnippet
  api=0 type=0 insize=3852 outsize=1314 kw=POINT ok=1
Cmd: compileSnippet
  api=0 type=1 insize=3852 outsize=1227 kw=POINT ok=1
Cmd: preprocess
  insize=516 outsize=516 ok=1
Cmd: preprocess
  insize=892 outsize=259 ok=1
Cmd: compileSnippet
  api=0 type=0 insize=933 outsize=365 kw= ok=1
Cmd: compileSnippet
  api=0 type=1 insize=933 outsize=204 kw= ok=1
Cmd: preprocess
  insize=621 outsize=1267 ok=1
Cmd: compileSnippet
  api=0 type=0 insize=4515 outsize=1239 kw=DIRECTIONAL SHADOWS_OFF LIGHTMAP_OFF DIRLIGHTMAP_OFF ok=1
Cmd: compileSnippet
  api=0 type=1 insize=4515 outsize=588 kw=DIRECTIONAL SHADOWS_OFF LIGHTMAP_OFF DIRLIGHTMAP_OFF ok=1
Cmd: compileSnippet
  api=0 type=0 insize=2390 outsize=1117 kw=POINT ok=1
Cmd: compileSnippet
  api=0 type=1 insize=2390 outsize=752 kw=POINT ok=1
Cmd: compileSnippet
  api=0 type=0 insize=2395 outsize=924 kw= ok=1
Cmd: compileSnippet
  api=0 type=1 insize=2395 outsize=466 kw= ok=1
Cmd: compileSnippet
  api=0 type=0 insize=4204 outsize=976 kw=LIGHTMAP_OFF DIRLIGHTMAP_OFF HDR_LIGHT_PREPASS_OFF ok=1
Cmd: compileSnippet
  api=0 type=1 insize=4204 outsize=350 kw=LIGHTMAP_OFF DIRLIGHTMAP_OFF HDR_LIGHT_PREPASS_OFF ok=1
Cmd: preprocess
  insize=890 outsize=890 ok=1
Cmd: preprocess
  insize=2254 outsize=1138 ok=1
Cmd: compileSnippet
  api=0 type=0 insize=6009 outsize=1436 kw=DIRECTIONAL SHADOWS_OFF LIGHTMAP_OFF DIRLIGHTMAP_OFF ok=1
Cmd: compileSnippet
  api=0 type=1 insize=6009 outsize=1100 kw=DIRECTIONAL SHADOWS_OFF LIGHTMAP_OFF DIRLIGHTMAP_OFF ok=1
Cmd: compileSnippet
  api=0 type=0 insize=3852 outsize=1314 kw=POINT ok=1
Cmd: compileSnippet
  api=0 type=1 insize=3852 outsize=1227 kw=POINT ok=1
Cmd: preprocess
  insize=560 outsize=983 ok=1
Cmd: compileSnippet
  api=0 type=0 insize=4310 outsize=919 kw=DIRECTIONAL LIGHTMAP_OFF DIRLIGHTMAP_OFF ok=1
Cmd: compileSnippet
  api=0 type=1 insize=4310 outsize=378 kw=DIRECTIONAL LIGHTMAP_OFF DIRLIGHTMAP_OFF ok=1
Cmd: compileSnippet
  api=0 type=0 insize=2268 outsize=817 kw=POINT ok=1
Cmd: compileSnippet
  api=0 type=1 insize=2268 outsize=549 kw=POINT ok=1
